Arguments: 
  C:\Program Files\nodejs\node.exe C:\Users\admin\AppData\Roaming\npm\node_modules\yarn\bin\yarn.js add react-native-tab-view

PATH: 
  C:\Users\admin\IdeaProjects\Test\node_modules\.bin;C:\Python27\;C:\Python27\Scripts;C:\ProgramData\Oracle\Java\javapath;C:\WINDOWS\system32;C:\WINDOWS;C:\WINDOWS\System32\Wbem;C:\WINDOWS\System32\WindowsPowerShell\v1.0\;C:\WINDOWS\System32\OpenSSH\;C:\Program Files\Git\cmd;C:\Program Files\PuTTY\;C:\ProgramData\chocolatey\bin;C:\Program Files\nodejs\;C:\Program Files\Java\jdk1.8.0_201\bin;C:\Users\admin\AppData\Local\Android\Sdk\platform-tools;C:\Users\admin\AppData\Local\Microsoft\WindowsApps;C:\Users\admin\AppData\Roaming\npm

Yarn version: 
  1.13.0

Node version: 
  11.8.0

Platform: 
  win32 x64

Trace: 
  Error: EPERM: operation not permitted, unlink 'C:\Users\admin\IdeaProjects\Test\node_modules\.cache\@babel\register'

npm manifest: 
  {
    "name": "Test",
    "version": "0.0.1",
    "private": true,
    "scripts": {
      "start": "node node_modules/react-native/local-cli/cli.js start",
      "test": "jest"
    },
    "dependencies": {
      "firebase": "^5.8.4",
      "native-base": "^2.12.0",
      "random-string": "^0.2.0",
      "react": "16.6.3",
      "react-native": "0.58.3",
      "react-native-button": "^2.3.0",
      "react-native-circular-action-menu": "^0.5.0",
      "react-native-elements": "^1.1.0",
      "react-native-foldview": "^1.2.1",
      "react-native-gesture-handler": "^1.0.16",
      "react-native-modalbox": "^1.7.1",
      "react-native-navigation": "^2.12.0",
      "react-native-step-indicator": "0.0.9",
      "react-native-swipeout": "^2.3.6",
      "react-native-vector-icons": "^6.3.0",
      "react-navigation": "^3.3.2",
      "rn-viewpager": "^1.2.9"
    },
    "devDependencies": {
      "babel-core": "7.0.0-bridge.0",
      "babel-jest": "24.0.0",
      "jest": "24.0.0",
      "metro-react-native-babel-preset": "0.51.1",
      "react-test-renderer": "16.6.3"
    },
    "jest": {
      "preset": "react-native"
    },
    "rnpm": {
      "assets": [
        "./assets/fonts/"
      ]
    }
  }

yarn manifest: 
  No manifest

Lockfile: 
  No lockfile
